2025-06-29 08:07:37,565 - INFO - Starting sending mails...
2025-06-29 08:07:37,579 - INFO - Found 3 stories to send.
2025-06-29 08:07:38,449 - INFO - Email sent to lcalmbach@gmail.com
2025-06-29 08:07:39,167 - INFO - Email sent to lcalmbach@gmail.com
2025-06-29 08:07:39,839 - INFO - Email sent to lcalmbach@gmail.com
2025-06-29 08:08:20,897 - INFO - Starting sending mails...
2025-06-29 08:08:20,900 - INFO - Found 3 stories to send.
2025-06-29 08:08:21,609 - INFO - Email sent to lcalmbach@gmail.com
2025-06-29 08:08:22,269 - INFO - Email sent to lcalmbach@gmail.com
2025-06-29 08:08:22,915 - INFO - Email sent to lcalmbach@gmail.com
2025-06-29 08:51:04,854 - INFO - Starting sending mails...
2025-06-29 08:51:04,856 - INFO - Found 3 stories to send.
2025-06-29 08:51:05,662 - INFO - Email sent to lcalmbach@gmail.com
2025-06-29 08:51:06,370 - INFO - Email sent to lcalmbach@gmail.com
2025-06-29 08:51:07,057 - INFO - Email sent to lcalmbach@gmail.com
2025-06-29 16:57:54,420 - INFO - Starting sending mails...
2025-06-29 16:57:54,423 - INFO - Found 3 stories to send.
2025-06-29 16:57:55,660 - INFO - Email sent to lcalmbach@gmail.com
2025-06-29 16:57:56,740 - INFO - Email sent to lcalmbach@gmail.com
2025-06-29 16:57:57,847 - INFO - Email sent to lcalmbach@gmail.com
2025-06-29 17:06:33,738 - INFO - Starting sending mails...
2025-06-29 17:06:33,740 - INFO - Found 3 stories to send.
2025-06-29 17:06:34,598 - INFO - Email sent to lcalmbach@gmail.com
2025-06-29 17:06:35,913 - INFO - Email sent to lcalmbach@gmail.com
2025-06-29 17:06:36,666 - INFO - Email sent to lcalmbach@gmail.com
2025-06-29 18:48:48,746 - INFO - Starting sending mails...
2025-06-29 18:48:48,750 - INFO - Found 3 stories to send.
2025-06-29 18:48:49,655 - INFO - Email sent to lcalmbach@gmail.com
2025-06-29 18:48:50,313 - INFO - Email sent to lcalmbach@gmail.com
2025-06-29 18:48:51,006 - INFO - Email sent to lcalmbach@gmail.com
2025-06-29 18:54:02,782 - INFO - Starting sending mails...
2025-06-29 18:54:02,784 - INFO - Found 3 stories to send.
2025-06-29 18:54:03,530 - INFO - Email sent to lcalmbach@gmail.com
2025-06-29 18:54:04,179 - INFO - Email sent to lcalmbach@gmail.com
2025-06-29 18:54:04,929 - INFO - Email sent to lcalmbach@gmail.com
2025-06-29 18:56:14,689 - INFO - Starting sending mails...
2025-06-29 18:56:14,691 - INFO - Found 3 stories to send.
2025-06-29 18:56:15,459 - INFO - Email sent to lcalmbach@gmail.com
2025-06-29 18:56:16,206 - INFO - Email sent to lcalmbach@gmail.com
2025-06-29 18:56:16,848 - INFO - Email sent to lcalmbach@gmail.com
2025-06-29 19:04:39,086 - INFO - Starting sending mails...
2025-06-29 19:04:39,088 - INFO - Found 3 stories to send.
2025-06-29 19:04:39,884 - INFO - Email sent to lcalmbach@gmail.com
2025-06-29 19:04:40,961 - INFO - Email sent to lcalmbach@gmail.com
2025-06-29 19:04:41,944 - INFO - Email sent to lcalmbach@gmail.com
2025-06-29 22:49:50,564 - INFO - Starting sending mails...
2025-06-29 22:49:50,567 - INFO - Found 3 stories to send.
2025-06-29 22:49:51,471 - INFO - Email sent to lcalmbach@gmail.com
2025-06-29 22:49:52,236 - INFO - Email sent to lcalmbach@gmail.com
2025-06-29 22:49:53,245 - INFO - Email sent to lcalmbach@gmail.com
2025-06-29 22:59:03,512 - INFO - Starting sending mails...
2025-06-29 22:59:03,513 - INFO - Found 3 stories to send.
2025-06-29 22:59:05,602 - INFO - Email sent to lcalmbach@gmail.com
2025-06-29 22:59:06,297 - INFO - Email sent to lcalmbach@gmail.com
2025-06-29 22:59:07,121 - INFO - Email sent to lcalmbach@gmail.com
2025-06-30 17:10:49,785 - INFO - Starting sending mails...
2025-06-30 17:10:49,788 - INFO - Found 2 stories to send.
2025-06-30 17:10:50,934 - INFO - Email sent to lcalmbach@gmail.com
2025-06-30 17:10:51,627 - INFO - Email sent to lcalmbach@gmail.com
2025-06-30 17:42:32,931 - INFO - Starting sending mails...
2025-06-30 17:42:32,932 - INFO - Found 2 stories to send.
2025-06-30 17:42:34,026 - INFO - Email sent to lcalmbach@gmail.com
2025-06-30 17:42:34,780 - INFO - Email sent to lcalmbach@gmail.com
2025-07-01 06:46:09,257 - INFO - Starting sending mails...
2025-07-01 06:46:09,259 - INFO - Found 3 stories to send.
2025-07-01 06:49:52,106 - INFO - Starting sending mails...
2025-07-01 06:49:52,166 - INFO - Found 3 stories to send.
2025-07-01 06:55:43,292 - INFO - Starting sending mails...
2025-07-01 06:55:43,352 - INFO - Found 1 stories to send.
2025-07-01 06:56:00,289 - INFO - Starting sending mails...
2025-07-01 06:56:00,350 - INFO - Found 1 stories to send.
2025-07-01 06:56:01,302 - INFO - Email sent to lcalmbach@gmail.com
2025-07-01 06:56:01,303 - INFO - Updated all records to is_sent = true.
2025-07-01 18:26:45,773 - INFO - Starting sending mails...
2025-07-01 18:26:45,779 - INFO - no insights found for today. 2025-07-01
2025-07-03 07:53:21,361 - INFO - Starting sending mails...
2025-07-03 07:53:21,365 - INFO - Found 10 stories to send.
2025-07-03 07:59:54,283 - INFO - Starting sending mails...
2025-07-03 07:59:54,285 - INFO - Found 10 stories to send.
2025-07-04 05:02:39,083 - INFO - Starting sending mails...
2025-07-04 05:02:39,087 - INFO - Found 13 stories to send.
2025-07-04 05:14:04,954 - INFO - Starting sending mails...
2025-07-04 05:14:04,958 - INFO - Found 13 stories to send.
2025-07-04 05:14:04,959 - INFO - Story for Rhine river water level and discharge daily report (2025-07-01) is empty, not sending email to lcalmbach@gmail.com
2025-07-04 05:18:20,335 - INFO - Starting sending mails...
2025-07-04 05:18:37,379 - INFO - Starting sending mails...
2025-07-04 05:18:37,385 - INFO - Found 11 stories to send.
2025-07-04 05:18:38,667 - INFO - Email sent to lcalmbach@gmail.com
2025-07-04 05:18:41,419 - INFO - Email sent to lcalmbach@gmail.com
2025-07-04 05:18:44,277 - INFO - Email sent to lcalmbach@gmail.com
2025-07-04 05:18:47,063 - INFO - Email sent to lcalmbach@gmail.com
2025-07-04 05:18:49,808 - INFO - Email sent to lcalmbach@gmail.com
2025-07-04 05:18:52,528 - INFO - Email sent to lcalmbach@gmail.com
2025-07-04 05:18:55,308 - INFO - Email sent to lcalmbach@gmail.com
2025-07-04 05:18:58,021 - INFO - Email sent to lcalmbach@gmail.com
2025-07-04 05:19:00,832 - INFO - Email sent to lcalmbach@gmail.com
2025-07-04 05:19:03,588 - INFO - Email sent to lcalmbach@gmail.com
2025-07-04 05:19:06,272 - INFO - Email sent to lcalmbach@gmail.com
2025-07-04 05:19:08,282 - INFO - Updated all records to is_sent = true.
