2025-06-08 10:23:07,014 - INFO - Starting sending mails...
2025-06-08 10:23:07,078 - INFO - Found 2 stories to send.
2025-06-08 10:23:08,172 - INFO - Email sent to lcalmbach@gmail.com
2025-06-08 10:23:09,183 - INFO - Email sent to lukas.calmbach@bs.ch
2025-06-15 15:29:08,478 - INFO - Starting sending mails...
2025-06-15 15:29:08,545 - INFO - Keine Storys für heute.
2025-06-15 15:31:40,595 - INFO - Starting sending mails...
2025-06-15 15:31:40,662 - INFO - Found 1 stories to send.
2025-06-15 15:31:41,508 - INFO - Email sent to lcalmbach@gmail.com
2025-06-15 17:20:49,224 - INFO - Starting sending mails...
2025-06-15 17:20:49,285 - INFO - Found 7 stories to send.
2025-06-15 17:20:50,360 - INFO - Email sent to lcalmbach@gmail.com
2025-06-15 17:20:51,897 - INFO - Email sent to lcalmbach@gmail.com
2025-06-15 17:20:52,893 - INFO - Email sent to lcalmbach@gmail.com
2025-06-15 17:20:53,893 - INFO - Email sent to lcalmbach@gmail.com
2025-06-15 17:20:55,298 - INFO - Email sent to lcalmbach@gmail.com
2025-06-15 17:20:56,226 - INFO - Email sent to lcalmbach@gmail.com
2025-06-15 17:20:56,962 - INFO - Email sent to lcalmbach@gmail.com
2025-06-16 07:35:41,392 - INFO - Starting sending mails...
2025-06-16 07:35:41,455 - INFO - Found 1 stories to send.
2025-06-16 07:35:42,420 - INFO - Email sent to lcalmbach@gmail.com
2025-06-17 06:55:52,977 - INFO - Starting sending mails...
2025-06-17 06:55:53,096 - INFO - Found 6 stories to send.
2025-06-17 06:55:54,343 - INFO - Email sent to lcalmbach@gmail.com
2025-06-17 06:55:55,460 - INFO - Email sent to lcalmbach@gmail.com
2025-06-17 06:55:56,430 - INFO - Email sent to lcalmbach@gmail.com
2025-06-17 06:55:57,551 - INFO - Email sent to lcalmbach@gmail.com
2025-06-17 06:55:58,509 - INFO - Email sent to lcalmbach@gmail.com
2025-06-17 06:55:59,538 - INFO - Email sent to lcalmbach@gmail.com
2025-06-18 09:00:28,240 - INFO - Starting sending mails...
2025-06-18 09:00:28,339 - INFO - Keine Storys für heute.
2025-06-19 06:50:51,469 - INFO - Starting sending mails...
2025-06-19 06:50:51,593 - INFO - Keine Storys für heute.
2025-06-19 09:00:33,864 - INFO - Starting sending mails...
2025-06-19 09:00:33,960 - INFO - Found 1 stories to send.
2025-06-19 09:00:34,861 - INFO - Email sent to lcalmbach@gmail.com
2025-06-20 05:39:56,800 - INFO - Starting sending mails...
2025-06-20 05:39:56,902 - INFO - Keine Storys für heute.
2025-06-20 06:47:43,500 - INFO - Starting sending mails...
2025-06-20 06:47:43,608 - INFO - Found 5 stories to send.
2025-06-20 06:47:44,739 - INFO - Email sent to lcalmbach@gmail.com
2025-06-20 06:47:45,426 - INFO - Email sent to lcalmbach@gmail.com
2025-06-20 06:47:46,069 - INFO - Email sent to lcalmbach@gmail.com
2025-06-20 06:47:46,736 - INFO - Email sent to lcalmbach@gmail.com
2025-06-20 06:47:47,381 - INFO - Email sent to lcalmbach@gmail.com
2025-06-20 07:06:04,182 - INFO - Starting sending mails...
2025-06-20 07:06:04,288 - INFO - Found 5 stories to send.
2025-06-20 07:06:05,010 - INFO - Email sent to lcalmbach@gmail.com
2025-06-20 07:06:05,683 - INFO - Email sent to lcalmbach@gmail.com
2025-06-20 07:06:06,348 - INFO - Email sent to lcalmbach@gmail.com
2025-06-20 07:06:06,981 - INFO - Email sent to lcalmbach@gmail.com
2025-06-20 07:06:07,687 - INFO - Email sent to lcalmbach@gmail.com
2025-06-20 09:00:39,279 - INFO - Starting sending mails...
2025-06-20 09:00:39,389 - INFO - Found 6 stories to send.
2025-06-20 09:00:40,407 - INFO - Email sent to lcalmbach@gmail.com
2025-06-21 09:00:45,488 - INFO - Starting sending mails...
2025-06-21 09:00:45,552 - INFO - Keine Storys für heute.
2025-06-22 09:00:03,334 - INFO - Starting sending mails...
2025-06-22 09:00:03,395 - INFO - Keine Storys für heute.
2025-06-26 09:01:04,067 - INFO - Starting sending mails...
2025-06-26 09:01:04,132 - INFO - Found 4 stories to send.
2025-06-26 09:01:05,311 - INFO - Email sent to lcalmbach@gmail.com
2025-06-26 09:01:05,994 - INFO - Email sent to lcalmbach@gmail.com
2025-06-26 09:01:06,735 - INFO - Email sent to lcalmbach@gmail.com
2025-06-26 09:01:07,839 - INFO - Email sent to lcalmbach@gmail.com
2025-06-27 09:00:49,218 - INFO - Starting sending mails...
2025-06-27 09:00:49,281 - INFO - Found 2 stories to send.
2025-06-28 09:00:38,747 - INFO - Starting sending mails...
2025-06-28 09:00:38,813 - INFO - Found 2 stories to send.
2025-06-28 09:00:40,013 - INFO - Email sent to lcalmbach@gmail.com
2025-06-28 09:00:40,839 - INFO - Email sent to lcalmbach@gmail.com
